2025-04-18 10:50:39,082 [Worker-5: Loading available Gradle versions] INFO  o.e.b.c.i.u.g.PublishedGradleVersions - Gradle version information cache is up-to-date. Trying to read.
2025-04-18 10:51:19,131 [ModalContext] INFO  o.e.m.c.i.e.AbstractTransferListenerAdapter - Downloading https://repo.maven.apache.org/maven2/org/apache/maven/archetypes/maven-archetype-quickstart/1.1/maven-archetype-quickstart-1.1.pom
2025-04-18 10:51:19,157 [ModalContext] INFO  o.e.m.c.i.e.AbstractTransferListenerAdapter - Downloaded https://repo.maven.apache.org/maven2/org/apache/maven/archetypes/maven-archetype-quickstart/1.1/maven-archetype-quickstart-1.1.pom
2025-04-18 10:51:19,184 [ModalContext] INFO  o.e.m.c.i.e.AbstractTransferListenerAdapter - Downloading https://repo.maven.apache.org/maven2/org/apache/maven/archetypes/maven-archetype-bundles/4/maven-archetype-bundles-4.pom
2025-04-18 10:51:19,204 [ModalContext] INFO  o.e.m.c.i.e.AbstractTransferListenerAdapter - Downloaded https://repo.maven.apache.org/maven2/org/apache/maven/archetypes/maven-archetype-bundles/4/maven-archetype-bundles-4.pom
2025-04-18 10:51:19,221 [ModalContext] INFO  o.e.m.c.i.e.AbstractTransferListenerAdapter - Downloading https://repo.maven.apache.org/maven2/org/apache/maven/archetype/maven-archetype/2.0-alpha-5/maven-archetype-2.0-alpha-5.pom
2025-04-18 10:51:19,243 [ModalContext] INFO  o.e.m.c.i.e.AbstractTransferListenerAdapter - Downloaded https://repo.maven.apache.org/maven2/org/apache/maven/archetype/maven-archetype/2.0-alpha-5/maven-archetype-2.0-alpha-5.pom
2025-04-18 10:52:23,967 [Worker-3: Launching mavenrun-c92de948-075e-4d9c-a769-7764fd586468] INFO  o.eclipse.m2e.core.internal.Bundles - getClasspathEntries(Bundle=org.eclipse.m2e.maven.runtime_3.9.900.20240824-1409 [1726])
2025-04-18 10:52:23,969 [Worker-3: Launching mavenrun-c92de948-075e-4d9c-a769-7764fd586468] INFO  o.eclipse.m2e.core.internal.Bundles - 	Entry: C:\Devlopment Software\sts-4.19.0.RELEASE\plugins\org.eclipse.m2e.maven.runtime_3.9.900.20240824-1409
2025-04-18 10:52:23,970 [Worker-3: Launching mavenrun-c92de948-075e-4d9c-a769-7764fd586468] INFO  o.eclipse.m2e.core.internal.Bundles - 	Entry: C:\Devlopment Software\sts-4.19.0.RELEASE\plugins\org.eclipse.m2e.maven.runtime_3.9.900.20240824-1409\jars\aopalliance-1.0.jar
2025-04-18 10:52:23,970 [Worker-3: Launching mavenrun-c92de948-075e-4d9c-a769-7764fd586468] INFO  o.eclipse.m2e.core.internal.Bundles - 	Entry: C:\Devlopment Software\sts-4.19.0.RELEASE\plugins\org.eclipse.m2e.maven.runtime_3.9.900.20240824-1409\jars\guice-5.1.0.jar
2025-04-18 10:52:23,971 [Worker-3: Launching mavenrun-c92de948-075e-4d9c-a769-7764fd586468] INFO  o.eclipse.m2e.core.internal.Bundles - 	Entry: C:\Devlopment Software\sts-4.19.0.RELEASE\plugins\org.eclipse.m2e.maven.runtime_3.9.900.20240824-1409\jars\httpclient-4.5.14.jar
2025-04-18 10:52:23,971 [Worker-3: Launching mavenrun-c92de948-075e-4d9c-a769-7764fd586468] INFO  o.eclipse.m2e.core.internal.Bundles - 	Entry: C:\Devlopment Software\sts-4.19.0.RELEASE\plugins\org.eclipse.m2e.maven.runtime_3.9.900.20240824-1409\jars\httpcore-4.4.16.jar
2025-04-18 10:52:23,971 [Worker-3: Launching mavenrun-c92de948-075e-4d9c-a769-7764fd586468] INFO  o.eclipse.m2e.core.internal.Bundles - 	Entry: C:\Devlopment Software\sts-4.19.0.RELEASE\plugins\org.eclipse.m2e.maven.runtime_3.9.900.20240824-1409\jars\jansi-2.4.1.jar
2025-04-18 10:52:23,971 [Worker-3: Launching mavenrun-c92de948-075e-4d9c-a769-7764fd586468] INFO  o.eclipse.m2e.core.internal.Bundles - 	Entry: C:\Devlopment Software\sts-4.19.0.RELEASE\plugins\org.eclipse.m2e.maven.runtime_3.9.900.20240824-1409\jars\jcl-over-slf4j-1.7.36.jar
2025-04-18 10:52:23,971 [Worker-3: Launching mavenrun-c92de948-075e-4d9c-a769-7764fd586468] INFO  o.eclipse.m2e.core.internal.Bundles - 	Entry: C:\Devlopment Software\sts-4.19.0.RELEASE\plugins\org.eclipse.m2e.maven.runtime_3.9.900.20240824-1409\jars\maven-artifact-3.9.9.jar
2025-04-18 10:52:23,972 [Worker-3: Launching mavenrun-c92de948-075e-4d9c-a769-7764fd586468] INFO  o.eclipse.m2e.core.internal.Bundles - 	Entry: C:\Devlopment Software\sts-4.19.0.RELEASE\plugins\org.eclipse.m2e.maven.runtime_3.9.900.20240824-1409\jars\maven-builder-support-3.9.9.jar
2025-04-18 10:52:23,972 [Worker-3: Launching mavenrun-c92de948-075e-4d9c-a769-7764fd586468] INFO  o.eclipse.m2e.core.internal.Bundles - 	Entry: C:\Devlopment Software\sts-4.19.0.RELEASE\plugins\org.eclipse.m2e.maven.runtime_3.9.900.20240824-1409\jars\maven-compat-3.9.9.jar
2025-04-18 10:52:23,972 [Worker-3: Launching mavenrun-c92de948-075e-4d9c-a769-7764fd586468] INFO  o.eclipse.m2e.core.internal.Bundles - 	Entry: C:\Devlopment Software\sts-4.19.0.RELEASE\plugins\org.eclipse.m2e.maven.runtime_3.9.900.20240824-1409\jars\maven-core-3.9.9.jar
2025-04-18 10:52:23,972 [Worker-3: Launching mavenrun-c92de948-075e-4d9c-a769-7764fd586468] INFO  o.eclipse.m2e.core.internal.Bundles - 	Entry: C:\Devlopment Software\sts-4.19.0.RELEASE\plugins\org.eclipse.m2e.maven.runtime_3.9.900.20240824-1409\jars\maven-embedder-3.9.9.jar
2025-04-18 10:52:23,973 [Worker-3: Launching mavenrun-c92de948-075e-4d9c-a769-7764fd586468] INFO  o.eclipse.m2e.core.internal.Bundles - 	Entry: C:\Devlopment Software\sts-4.19.0.RELEASE\plugins\org.eclipse.m2e.maven.runtime_3.9.900.20240824-1409\jars\maven-model-3.9.9.jar
2025-04-18 10:52:23,973 [Worker-3: Launching mavenrun-c92de948-075e-4d9c-a769-7764fd586468] INFO  o.eclipse.m2e.core.internal.Bundles - 	Entry: C:\Devlopment Software\sts-4.19.0.RELEASE\plugins\org.eclipse.m2e.maven.runtime_3.9.900.20240824-1409\jars\maven-model-builder-3.9.9.jar
2025-04-18 10:52:23,973 [Worker-3: Launching mavenrun-c92de948-075e-4d9c-a769-7764fd586468] INFO  o.eclipse.m2e.core.internal.Bundles - 	Entry: C:\Devlopment Software\sts-4.19.0.RELEASE\plugins\org.eclipse.m2e.maven.runtime_3.9.900.20240824-1409\jars\maven-plugin-api-3.9.9.jar
2025-04-18 10:52:23,973 [Worker-3: Launching mavenrun-c92de948-075e-4d9c-a769-7764fd586468] INFO  o.eclipse.m2e.core.internal.Bundles - 	Entry: C:\Devlopment Software\sts-4.19.0.RELEASE\plugins\org.eclipse.m2e.maven.runtime_3.9.900.20240824-1409\jars\maven-repository-metadata-3.9.9.jar
2025-04-18 10:52:23,973 [Worker-3: Launching mavenrun-c92de948-075e-4d9c-a769-7764fd586468] INFO  o.eclipse.m2e.core.internal.Bundles - 	Entry: C:\Devlopment Software\sts-4.19.0.RELEASE\plugins\org.eclipse.m2e.maven.runtime_3.9.900.20240824-1409\jars\maven-resolver-api-1.9.22.jar
2025-04-18 10:52:23,973 [Worker-3: Launching mavenrun-c92de948-075e-4d9c-a769-7764fd586468] INFO  o.eclipse.m2e.core.internal.Bundles - 	Entry: C:\Devlopment Software\sts-4.19.0.RELEASE\plugins\org.eclipse.m2e.maven.runtime_3.9.900.20240824-1409\jars\maven-resolver-connector-basic-1.9.22.jar
2025-04-18 10:52:23,973 [Worker-3: Launching mavenrun-c92de948-075e-4d9c-a769-7764fd586468] INFO  o.eclipse.m2e.core.internal.Bundles - 	Entry: C:\Devlopment Software\sts-4.19.0.RELEASE\plugins\org.eclipse.m2e.maven.runtime_3.9.900.20240824-1409\jars\maven-resolver-impl-1.9.22.jar
2025-04-18 10:52:23,973 [Worker-3: Launching mavenrun-c92de948-075e-4d9c-a769-7764fd586468] INFO  o.eclipse.m2e.core.internal.Bundles - 	Entry: C:\Devlopment Software\sts-4.19.0.RELEASE\plugins\org.eclipse.m2e.maven.runtime_3.9.900.20240824-1409\jars\maven-resolver-named-locks-1.9.22.jar
2025-04-18 10:52:23,973 [Worker-3: Launching mavenrun-c92de948-075e-4d9c-a769-7764fd586468] INFO  o.eclipse.m2e.core.internal.Bundles - 	Entry: C:\Devlopment Software\sts-4.19.0.RELEASE\plugins\org.eclipse.m2e.maven.runtime_3.9.900.20240824-1409\jars\maven-resolver-provider-3.9.9.jar
2025-04-18 10:52:23,973 [Worker-3: Launching mavenrun-c92de948-075e-4d9c-a769-7764fd586468] INFO  o.eclipse.m2e.core.internal.Bundles - 	Entry: C:\Devlopment Software\sts-4.19.0.RELEASE\plugins\org.eclipse.m2e.maven.runtime_3.9.900.20240824-1409\jars\maven-resolver-spi-1.9.22.jar
2025-04-18 10:52:23,973 [Worker-3: Launching mavenrun-c92de948-075e-4d9c-a769-7764fd586468] INFO  o.eclipse.m2e.core.internal.Bundles - 	Entry: C:\Devlopment Software\sts-4.19.0.RELEASE\plugins\org.eclipse.m2e.maven.runtime_3.9.900.20240824-1409\jars\maven-resolver-transport-file-1.9.22.jar
2025-04-18 10:52:23,974 [Worker-3: Launching mavenrun-c92de948-075e-4d9c-a769-7764fd586468] INFO  o.eclipse.m2e.core.internal.Bundles - 	Entry: C:\Devlopment Software\sts-4.19.0.RELEASE\plugins\org.eclipse.m2e.maven.runtime_3.9.900.20240824-1409\jars\maven-resolver-transport-http-1.9.22.jar
2025-04-18 10:52:23,974 [Worker-3: Launching mavenrun-c92de948-075e-4d9c-a769-7764fd586468] INFO  o.eclipse.m2e.core.internal.Bundles - 	Entry: C:\Devlopment Software\sts-4.19.0.RELEASE\plugins\org.eclipse.m2e.maven.runtime_3.9.900.20240824-1409\jars\maven-resolver-transport-wagon-1.9.22.jar
2025-04-18 10:52:23,974 [Worker-3: Launching mavenrun-c92de948-075e-4d9c-a769-7764fd586468] INFO  o.eclipse.m2e.core.internal.Bundles - 	Entry: C:\Devlopment Software\sts-4.19.0.RELEASE\plugins\org.eclipse.m2e.maven.runtime_3.9.900.20240824-1409\jars\maven-resolver-util-1.9.22.jar
2025-04-18 10:52:23,974 [Worker-3: Launching mavenrun-c92de948-075e-4d9c-a769-7764fd586468] INFO  o.eclipse.m2e.core.internal.Bundles - 	Entry: C:\Devlopment Software\sts-4.19.0.RELEASE\plugins\org.eclipse.m2e.maven.runtime_3.9.900.20240824-1409\jars\maven-settings-3.9.9.jar
2025-04-18 10:52:23,974 [Worker-3: Launching mavenrun-c92de948-075e-4d9c-a769-7764fd586468] INFO  o.eclipse.m2e.core.internal.Bundles - 	Entry: C:\Devlopment Software\sts-4.19.0.RELEASE\plugins\org.eclipse.m2e.maven.runtime_3.9.900.20240824-1409\jars\maven-settings-builder-3.9.9.jar
2025-04-18 10:52:23,974 [Worker-3: Launching mavenrun-c92de948-075e-4d9c-a769-7764fd586468] INFO  o.eclipse.m2e.core.internal.Bundles - 	Entry: C:\Devlopment Software\sts-4.19.0.RELEASE\plugins\org.eclipse.m2e.maven.runtime_3.9.900.20240824-1409\jars\maven-shared-utils-3.4.2.jar
2025-04-18 10:52:23,974 [Worker-3: Launching mavenrun-c92de948-075e-4d9c-a769-7764fd586468] INFO  o.eclipse.m2e.core.internal.Bundles - 	Entry: C:\Devlopment Software\sts-4.19.0.RELEASE\plugins\org.eclipse.m2e.maven.runtime_3.9.900.20240824-1409\jars\org.eclipse.sisu.inject-0.9.0.M3.jar
2025-04-18 10:52:23,974 [Worker-3: Launching mavenrun-c92de948-075e-4d9c-a769-7764fd586468] INFO  o.eclipse.m2e.core.internal.Bundles - 	Entry: C:\Devlopment Software\sts-4.19.0.RELEASE\plugins\org.eclipse.m2e.maven.runtime_3.9.900.20240824-1409\jars\org.eclipse.sisu.plexus-0.9.0.M3.jar
2025-04-18 10:52:23,975 [Worker-3: Launching mavenrun-c92de948-075e-4d9c-a769-7764fd586468] INFO  o.eclipse.m2e.core.internal.Bundles - 	Entry: C:\Devlopment Software\sts-4.19.0.RELEASE\plugins\org.eclipse.m2e.maven.runtime_3.9.900.20240824-1409\jars\plexus-build-api-0.0.7.jar
2025-04-18 10:52:23,975 [Worker-3: Launching mavenrun-c92de948-075e-4d9c-a769-7764fd586468] INFO  o.eclipse.m2e.core.internal.Bundles - 	Entry: C:\Devlopment Software\sts-4.19.0.RELEASE\plugins\org.eclipse.m2e.maven.runtime_3.9.900.20240824-1409\jars\plexus-build-api-1.2.0.jar
2025-04-18 10:52:23,975 [Worker-3: Launching mavenrun-c92de948-075e-4d9c-a769-7764fd586468] INFO  o.eclipse.m2e.core.internal.Bundles - 	Entry: C:\Devlopment Software\sts-4.19.0.RELEASE\plugins\org.eclipse.m2e.maven.runtime_3.9.900.20240824-1409\jars\plexus-cipher-2.0.jar
2025-04-18 10:52:23,975 [Worker-3: Launching mavenrun-c92de948-075e-4d9c-a769-7764fd586468] INFO  o.eclipse.m2e.core.internal.Bundles - 	Entry: C:\Devlopment Software\sts-4.19.0.RELEASE\plugins\org.eclipse.m2e.maven.runtime_3.9.900.20240824-1409\jars\plexus-classworlds-2.8.0.jar
2025-04-18 10:52:23,975 [Worker-3: Launching mavenrun-c92de948-075e-4d9c-a769-7764fd586468] INFO  o.eclipse.m2e.core.internal.Bundles - 	Entry: C:\Devlopment Software\sts-4.19.0.RELEASE\plugins\org.eclipse.m2e.maven.runtime_3.9.900.20240824-1409\jars\plexus-component-annotations-2.1.0.jar
2025-04-18 10:52:23,975 [Worker-3: Launching mavenrun-c92de948-075e-4d9c-a769-7764fd586468] INFO  o.eclipse.m2e.core.internal.Bundles - 	Entry: C:\Devlopment Software\sts-4.19.0.RELEASE\plugins\org.eclipse.m2e.maven.runtime_3.9.900.20240824-1409\jars\plexus-interpolation-1.27.jar
2025-04-18 10:52:23,975 [Worker-3: Launching mavenrun-c92de948-075e-4d9c-a769-7764fd586468] INFO  o.eclipse.m2e.core.internal.Bundles - 	Entry: C:\Devlopment Software\sts-4.19.0.RELEASE\plugins\org.eclipse.m2e.maven.runtime_3.9.900.20240824-1409\jars\plexus-sec-dispatcher-2.0.jar
2025-04-18 10:52:23,975 [Worker-3: Launching mavenrun-c92de948-075e-4d9c-a769-7764fd586468] INFO  o.eclipse.m2e.core.internal.Bundles - 	Entry: C:\Devlopment Software\sts-4.19.0.RELEASE\plugins\org.eclipse.m2e.maven.runtime_3.9.900.20240824-1409\jars\plexus-utils-3.5.1.jar
2025-04-18 10:52:23,975 [Worker-3: Launching mavenrun-c92de948-075e-4d9c-a769-7764fd586468] INFO  o.eclipse.m2e.core.internal.Bundles - 	Entry: C:\Devlopment Software\sts-4.19.0.RELEASE\plugins\org.eclipse.m2e.maven.runtime_3.9.900.20240824-1409\jars\plexus-xml-3.0.1.jar
2025-04-18 10:52:23,975 [Worker-3: Launching mavenrun-c92de948-075e-4d9c-a769-7764fd586468] INFO  o.eclipse.m2e.core.internal.Bundles - 	Entry: C:\Devlopment Software\sts-4.19.0.RELEASE\plugins\org.eclipse.m2e.maven.runtime_3.9.900.20240824-1409\jars\wagon-file-3.5.3.jar
2025-04-18 10:52:23,975 [Worker-3: Launching mavenrun-c92de948-075e-4d9c-a769-7764fd586468] INFO  o.eclipse.m2e.core.internal.Bundles - 	Entry: C:\Devlopment Software\sts-4.19.0.RELEASE\plugins\org.eclipse.m2e.maven.runtime_3.9.900.20240824-1409\jars\wagon-http-3.5.3.jar
2025-04-18 10:52:23,975 [Worker-3: Launching mavenrun-c92de948-075e-4d9c-a769-7764fd586468] INFO  o.eclipse.m2e.core.internal.Bundles - 	Entry: C:\Devlopment Software\sts-4.19.0.RELEASE\plugins\org.eclipse.m2e.maven.runtime_3.9.900.20240824-1409\jars\wagon-http-shared-3.5.3.jar
2025-04-18 10:52:23,976 [Worker-3: Launching mavenrun-c92de948-075e-4d9c-a769-7764fd586468] INFO  o.eclipse.m2e.core.internal.Bundles - 	Entry: C:\Devlopment Software\sts-4.19.0.RELEASE\plugins\org.eclipse.m2e.maven.runtime_3.9.900.20240824-1409\jars\wagon-provider-api-3.5.3.jar
2025-04-18 10:52:23,977 [Worker-3: Launching mavenrun-c92de948-075e-4d9c-a769-7764fd586468] INFO  o.eclipse.m2e.core.internal.Bundles - getClasspathEntries(Bundle=com.google.guava_33.3.0.jre [1444])
2025-04-18 10:52:23,978 [Worker-3: Launching mavenrun-c92de948-075e-4d9c-a769-7764fd586468] INFO  o.eclipse.m2e.core.internal.Bundles - 	Entry: C:\Devlopment Software\sts-4.19.0.RELEASE\plugins\com.google.guava_33.3.0.jre.jar
2025-04-18 10:52:23,978 [Worker-3: Launching mavenrun-c92de948-075e-4d9c-a769-7764fd586468] INFO  o.eclipse.m2e.core.internal.Bundles - getClasspathEntries(Bundle=slf4j.api_2.0.16 [1875])
2025-04-18 10:52:23,978 [Worker-3: Launching mavenrun-c92de948-075e-4d9c-a769-7764fd586468] INFO  o.eclipse.m2e.core.internal.Bundles - 	Entry: C:\Devlopment Software\sts-4.19.0.RELEASE\plugins\slf4j.api_2.0.16.jar
2025-04-18 10:52:23,978 [Worker-3: Launching mavenrun-c92de948-075e-4d9c-a769-7764fd586468] INFO  o.eclipse.m2e.core.internal.Bundles - getClasspathEntries(Bundle=javax.inject_1.0.0.v20220405-0441 [52])
2025-04-18 10:52:23,979 [Worker-3: Launching mavenrun-c92de948-075e-4d9c-a769-7764fd586468] INFO  o.eclipse.m2e.core.internal.Bundles - 	Entry: C:\Devlopment Software\sts-4.19.0.RELEASE\plugins\javax.inject_1.0.0.v20220405-0441.jar
2025-04-18 10:52:23,979 [Worker-3: Launching mavenrun-c92de948-075e-4d9c-a769-7764fd586468] INFO  o.eclipse.m2e.core.internal.Bundles - getClasspathEntries(Bundle=javax.annotation_1.3.5.v20230504-0748 [50])
2025-04-18 10:52:23,979 [Worker-3: Launching mavenrun-c92de948-075e-4d9c-a769-7764fd586468] INFO  o.eclipse.m2e.core.internal.Bundles - 	Entry: C:\Devlopment Software\sts-4.19.0.RELEASE\plugins\javax.annotation_1.3.5.v20230504-0748.jar
2025-04-18 10:52:23,979 [Worker-3: Launching mavenrun-c92de948-075e-4d9c-a769-7764fd586468] INFO  o.eclipse.m2e.core.internal.Bundles - getClasspathEntries(Bundle=org.apache.commons.cli_1.9.0 [1466])
2025-04-18 10:52:23,979 [Worker-3: Launching mavenrun-c92de948-075e-4d9c-a769-7764fd586468] INFO  o.eclipse.m2e.core.internal.Bundles - 	Entry: C:\Devlopment Software\sts-4.19.0.RELEASE\plugins\org.apache.commons.cli_1.9.0.jar
2025-04-18 10:52:23,979 [Worker-3: Launching mavenrun-c92de948-075e-4d9c-a769-7764fd586468] INFO  o.eclipse.m2e.core.internal.Bundles - getClasspathEntries(Bundle=org.apache.commons.commons-codec_1.16.0 [634])
2025-04-18 10:52:23,980 [Worker-3: Launching mavenrun-c92de948-075e-4d9c-a769-7764fd586468] INFO  o.eclipse.m2e.core.internal.Bundles - 	Entry: C:\Devlopment Software\sts-4.19.0.RELEASE\plugins\org.apache.commons.commons-codec_1.16.0.jar
2025-04-18 10:52:23,980 [Worker-3: Launching mavenrun-c92de948-075e-4d9c-a769-7764fd586468] INFO  o.eclipse.m2e.core.internal.Bundles - getClasspathEntries(Bundle=com.google.guava.failureaccess_1.0.2 [599])
2025-04-18 10:52:23,980 [Worker-3: Launching mavenrun-c92de948-075e-4d9c-a769-7764fd586468] INFO  o.eclipse.m2e.core.internal.Bundles - 	Entry: C:\Devlopment Software\sts-4.19.0.RELEASE\plugins\com.google.guava.failureaccess_1.0.2.jar
2025-04-18 10:52:23,988 [Worker-3: Launching mavenrun-c92de948-075e-4d9c-a769-7764fd586468] INFO  o.e.m.i.launch.MavenLaunchDelegate - Run build in "C:\Users\moham\AppData\Local\Temp\m2e-archetypeGenerator5205234928497824344":
2025-04-18 10:52:23,994 [Worker-3: Launching mavenrun-c92de948-075e-4d9c-a769-7764fd586468] INFO  o.e.m.i.launch.MavenLaunchDelegate -  mvn  -DarchetypeGroupId=org.apache.maven.archetypes -DarchetypeArtifactId=maven-archetype-quickstart -DarchetypeVersion=1.1 -DgroupId=Hibernate_01 -DartifactId=Hibernate -Dversion=0.0.1-SNAPSHOT -Dpackage=com.idd -DoutputDirectory="C:\Development workspace\Hibernate" -Dstyle.color=always -U archetype:generate
2025-04-18 10:52:41,817 [Worker-7: Creating maven-archetype-quickstart] INFO  o.e.m.c.i.p.ProjectConfigurationManager - Collecting project info '/pom.xml' C:\Development workspace\Hibernate\Hibernate\pom.xml
2025-04-18 10:52:43,054 [Worker-7: Creating maven-archetype-quickstart] INFO  o.e.m.c.i.l.LifecycleMappingFactory - Using org.eclipse.m2e.jdt.JarLifecycleMapping lifecycle mapping for MavenProject: Hibernate_01:Hibernate:0.0.1-SNAPSHOT @ C:\Development workspace\Hibernate\Hibernate\pom.xml.
2025-04-18 10:52:43,553 [Worker-7: Creating maven-archetype-quickstart] INFO  o.e.m.j.i.AbstractJavaProjectConfigurator - Adding source folder /Hibernate/src/main/java
2025-04-18 10:52:43,554 [Worker-7: Creating maven-archetype-quickstart] INFO  o.e.m.j.i.AbstractJavaProjectConfigurator - Adding resource folder /Hibernate/src/main/resources
2025-04-18 10:52:43,561 [Worker-7: Creating maven-archetype-quickstart] INFO  o.e.m.j.i.AbstractJavaProjectConfigurator - Adding source folder /Hibernate/src/test/java
2025-04-18 10:52:43,562 [Worker-7: Creating maven-archetype-quickstart] INFO  o.e.m.j.i.AbstractJavaProjectConfigurator - Adding resource folder /Hibernate/src/test/resources
2025-04-18 10:52:43,716 [Worker-7: Creating maven-archetype-quickstart] INFO  o.e.m.c.i.p.ProjectConfigurationManager - Imported and configured 1 project(s) in 1 sec
2025-04-18 10:52:44,433 [Worker-4: Building] INFO  o.a.m.s.f.DefaultMavenResourcesFiltering - skip non existing resourceDirectory C:\Development workspace\Hibernate\Hibernate\src\main\resources
2025-04-18 10:52:44,437 [Worker-4: Building] INFO  o.a.m.s.f.DefaultMavenResourcesFiltering - skip non existing resourceDirectory C:\Development workspace\Hibernate\Hibernate\src\test\resources
2025-04-18 10:54:19,927 [Worker-13: Building] INFO  o.e.m.c.i.l.LifecycleMappingFactory - Using org.eclipse.m2e.jdt.JarLifecycleMapping lifecycle mapping for MavenProject: Hibernate_01:Hibernate:0.0.1-SNAPSHOT @ C:\Development workspace\Hibernate\Hibernate\pom.xml.
2025-04-18 10:54:20,131 [Worker-13: Building] INFO  o.a.m.s.f.DefaultMavenResourcesFiltering - skip non existing resourceDirectory C:\Development workspace\Hibernate\Hibernate\src\main\resources
2025-04-18 10:54:20,134 [Worker-13: Building] INFO  o.a.m.s.f.DefaultMavenResourcesFiltering - skip non existing resourceDirectory C:\Development workspace\Hibernate\Hibernate\src\test\resources
2025-04-18 10:54:21,546 [Worker-15: Building] INFO  o.a.m.s.f.DefaultMavenResourcesFiltering - skip non existing resourceDirectory C:\Development workspace\Hibernate\Hibernate\src\main\resources
2025-04-18 10:54:21,547 [Worker-15: Building] INFO  o.a.m.s.f.DefaultMavenResourcesFiltering - skip non existing resourceDirectory C:\Development workspace\Hibernate\Hibernate\src\test\resources
2025-04-18 10:55:11,088 [Worker-4: Building] INFO  o.e.m.c.i.l.LifecycleMappingFactory - Using org.eclipse.m2e.jdt.JarLifecycleMapping lifecycle mapping for MavenProject: Hibernate_01:Hibernate:0.0.1-SNAPSHOT @ C:\Development workspace\Hibernate\Hibernate\pom.xml.
2025-04-18 10:55:11,150 [Worker-4: Building] INFO  o.e.m.c.i.e.AbstractTransferListenerAdapter - Downloading https://repo.maven.apache.org/maven2/com/oracle/database/jdbc/ojdbc8/23.7.0.25.01/ojdbc8-23.7.0.25.01.pom
2025-04-18 10:55:11,174 [Worker-4: Building] INFO  o.e.m.c.i.e.AbstractTransferListenerAdapter - Downloaded https://repo.maven.apache.org/maven2/com/oracle/database/jdbc/ojdbc8/23.7.0.25.01/ojdbc8-23.7.0.25.01.pom
2025-04-18 10:55:11,215 [Worker-4: Building] INFO  o.e.m.c.i.e.AbstractTransferListenerAdapter - Downloading https://repo.maven.apache.org/maven2/com/oracle/database/jdbc/ojdbc8/23.7.0.25.01/ojdbc8-23.7.0.25.01.jar
2025-04-18 10:55:11,432 [Worker-4: Building] INFO  o.e.m.c.i.e.AbstractTransferListenerAdapter - Downloaded https://repo.maven.apache.org/maven2/com/oracle/database/jdbc/ojdbc8/23.7.0.25.01/ojdbc8-23.7.0.25.01.jar
2025-04-18 10:55:11,540 [Worker-4: Building] INFO  o.a.m.s.f.DefaultMavenResourcesFiltering - skip non existing resourceDirectory C:\Development workspace\Hibernate\Hibernate\src\main\resources
2025-04-18 10:55:11,543 [Worker-4: Building] INFO  o.a.m.s.f.DefaultMavenResourcesFiltering - skip non existing resourceDirectory C:\Development workspace\Hibernate\Hibernate\src\test\resources
2025-04-18 10:55:12,508 [Worker-13: Download sources and javadoc] INFO  o.e.m.c.i.e.AbstractTransferListenerAdapter - Downloading https://repo.maven.apache.org/maven2/com/oracle/database/jdbc/ojdbc8/23.7.0.25.01/ojdbc8-23.7.0.25.01-sources.jar
2025-04-18 10:55:12,534 [Worker-13: Download sources and javadoc] INFO  o.e.m.c.i.e.AbstractTransferListenerAdapter - Downloaded https://repo.maven.apache.org/maven2/com/oracle/database/jdbc/ojdbc8/23.7.0.25.01/ojdbc8-23.7.0.25.01-sources.jar
2025-04-18 10:55:12,539 [Worker-13: Download sources and javadoc] INFO  o.e.m.j.internal.DownloadSourcesJob - Downloaded sources for com.oracle.database.jdbc:ojdbc8:23.7.0.25.01
2025-04-18 10:55:12,869 [Worker-12: Building] INFO  o.a.m.s.f.DefaultMavenResourcesFiltering - skip non existing resourceDirectory C:\Development workspace\Hibernate\Hibernate\src\main\resources
2025-04-18 10:55:12,872 [Worker-12: Building] INFO  o.a.m.s.f.DefaultMavenResourcesFiltering - skip non existing resourceDirectory C:\Development workspace\Hibernate\Hibernate\src\test\resources
2025-04-18 10:56:10,418 [Worker-17: Building] INFO  o.a.m.s.f.DefaultMavenResourcesFiltering - Copying 0 resource from src\main\resources to target\classes
2025-04-18 10:56:10,422 [Worker-17: Building] INFO  o.a.m.s.f.DefaultMavenResourcesFiltering - skip non existing resourceDirectory C:\Development workspace\Hibernate\Hibernate\src\test\resources
2025-04-18 10:59:04,427 [Worker-18: Building] INFO  o.a.m.s.f.DefaultMavenResourcesFiltering - Copying 1 resource from src\main\resources to target\classes
2025-04-18 10:59:04,436 [Worker-18: Building] INFO  o.a.m.s.f.DefaultMavenResourcesFiltering - skip non existing resourceDirectory C:\Development workspace\Hibernate\Hibernate\src\test\resources
2025-04-18 11:00:55,549 [Worker-19: Building] INFO  o.a.m.s.f.DefaultMavenResourcesFiltering - Copying 1 resource from src\main\resources to target\classes
2025-04-18 11:00:55,551 [Worker-19: Building] INFO  o.a.m.s.f.DefaultMavenResourcesFiltering - skip non existing resourceDirectory C:\Development workspace\Hibernate\Hibernate\src\test\resources
2025-04-18 11:01:08,912 [Worker-21: Building] INFO  o.a.m.s.f.DefaultMavenResourcesFiltering - Copying 1 resource from src\main\resources to target\classes
2025-04-18 11:01:08,915 [Worker-21: Building] INFO  o.a.m.s.f.DefaultMavenResourcesFiltering - skip non existing resourceDirectory C:\Development workspace\Hibernate\Hibernate\src\test\resources
2025-04-18 11:01:58,728 [Worker-15: Building] INFO  o.a.m.s.f.DefaultMavenResourcesFiltering - Copying 1 resource from src\main\resources to target\classes
2025-04-18 11:01:58,734 [Worker-15: Building] INFO  o.a.m.s.f.DefaultMavenResourcesFiltering - skip non existing resourceDirectory C:\Development workspace\Hibernate\Hibernate\src\test\resources
2025-04-18 11:03:30,894 [Worker-15: Building] INFO  o.a.m.s.f.DefaultMavenResourcesFiltering - Copying 1 resource from src\main\resources to target\classes
2025-04-18 11:03:30,897 [Worker-15: Building] INFO  o.a.m.s.f.DefaultMavenResourcesFiltering - skip non existing resourceDirectory C:\Development workspace\Hibernate\Hibernate\src\test\resources
2025-04-18 11:04:35,534 [Worker-19: Building] INFO  o.a.m.s.f.DefaultMavenResourcesFiltering - Copying 1 resource from src\main\resources to target\classes
2025-04-18 11:04:35,536 [Worker-19: Building] INFO  o.a.m.s.f.DefaultMavenResourcesFiltering - skip non existing resourceDirectory C:\Development workspace\Hibernate\Hibernate\src\test\resources
2025-04-18 11:18:26,837 [Worker-25: Building] INFO  o.a.m.s.f.DefaultMavenResourcesFiltering - Copying 1 resource from src\main\resources to target\classes
2025-04-18 11:18:26,839 [Worker-25: Building] INFO  o.a.m.s.f.DefaultMavenResourcesFiltering - skip non existing resourceDirectory C:\Development workspace\Hibernate\Hibernate\src\test\resources
2025-04-18 11:18:30,898 [Worker-26: Building] INFO  o.a.m.s.f.DefaultMavenResourcesFiltering - Copying 1 resource from src\main\resources to target\classes
2025-04-18 11:18:30,899 [Worker-26: Building] INFO  o.a.m.s.f.DefaultMavenResourcesFiltering - skip non existing resourceDirectory C:\Development workspace\Hibernate\Hibernate\src\test\resources
2025-04-18 11:23:56,179 [Worker-25: Building] INFO  o.a.m.s.f.DefaultMavenResourcesFiltering - Copying 1 resource from src\main\resources to target\classes
2025-04-18 11:23:56,182 [Worker-25: Building] INFO  o.a.m.s.f.DefaultMavenResourcesFiltering - skip non existing resourceDirectory C:\Development workspace\Hibernate\Hibernate\src\test\resources
2025-04-18 11:24:13,607 [Worker-28: Building] INFO  o.a.m.s.f.DefaultMavenResourcesFiltering - Copying 1 resource from src\main\resources to target\classes
2025-04-18 11:24:13,609 [Worker-28: Building] INFO  o.a.m.s.f.DefaultMavenResourcesFiltering - skip non existing resourceDirectory C:\Development workspace\Hibernate\Hibernate\src\test\resources
2025-04-18 11:26:29,859 [Worker-20: Building] INFO  o.a.m.s.f.DefaultMavenResourcesFiltering - Copying 1 resource from src\main\resources to target\classes
2025-04-18 11:26:29,861 [Worker-20: Building] INFO  o.a.m.s.f.DefaultMavenResourcesFiltering - skip non existing resourceDirectory C:\Development workspace\Hibernate\Hibernate\src\test\resources
2025-04-18 11:30:15,200 [Worker-33: Building] INFO  o.a.m.s.f.DefaultMavenResourcesFiltering - Copying 1 resource from src\main\resources to target\classes
2025-04-18 11:30:15,203 [Worker-33: Building] INFO  o.a.m.s.f.DefaultMavenResourcesFiltering - skip non existing resourceDirectory C:\Development workspace\Hibernate\Hibernate\src\test\resources
2025-04-18 11:34:47,694 [Worker-35: Building] INFO  o.a.m.s.f.DefaultMavenResourcesFiltering - Copying 1 resource from src\main\resources to target\classes
2025-04-18 11:34:47,697 [Worker-35: Building] INFO  o.a.m.s.f.DefaultMavenResourcesFiltering - skip non existing resourceDirectory C:\Development workspace\Hibernate\Hibernate\src\test\resources
2025-04-18 11:35:13,493 [Worker-36: Building] INFO  o.a.m.s.f.DefaultMavenResourcesFiltering - Copying 1 resource from src\main\resources to target\classes
2025-04-18 11:35:13,494 [Worker-36: Building] INFO  o.a.m.s.f.DefaultMavenResourcesFiltering - skip non existing resourceDirectory C:\Development workspace\Hibernate\Hibernate\src\test\resources
